Organizer loaded at Sat Nov 21 23:00:45 2020
2020-11-21 23:00:45| Organizer [VERBOSE] Adding inventory to the pull list
2020-11-21 23:00:45| Organizer [VERBOSE] Adding locker to the pull list
2020-11-21 23:00:45| Organizer [VERBOSE] Adding sack to the pull list
2020-11-21 23:00:45| Organizer [VERBOSE] Adding case to the pull list
2020-11-21 23:00:45| Organizer [VERBOSE] Adding satchel to the pull list
2020-11-21 23:00:45| Organizer [VERBOSE] Adding wardrobe4 to the pull list
2020-11-21 23:00:45| Organizer [VERBOSE] Adding storage to the pull list
2020-11-21 23:00:45| Organizer [VERBOSE] Adding wardrobe to the pull list
2020-11-21 23:00:45| Organizer [VERBOSE] Adding safe to the pull list
2020-11-21 23:00:45| Organizer [VERBOSE] Adding safe2 to the pull list
2020-11-21 23:00:45| Organizer [VERBOSE] Adding wardrobe2 to the pull list
2020-11-21 23:00:45| Organizer [VERBOSE] Adding wardrobe3 to the pull list
2020-11-21 23:00:45| Organizer [VERBOSE] Adding safe to the push list
2020-11-21 23:00:45| Organizer [VERBOSE] Adding storage to the push list
2020-11-21 23:00:45| Organizer [VERBOSE] Adding locker to the push list
2020-11-21 23:00:45| Organizer [VERBOSE] Adding sack to the push list
2020-11-21 23:00:45| Organizer [VERBOSE] Adding safe2 to the push list
2020-11-21 23:00:45| Organizer [VERBOSE] Seals set to retain
2020-11-21 23:00:46| Organizer [VERBOSE] Non-equipment items set to retain
